0 verbose cli /usr/local/bin/node /usr/local/bin/npm
1 info using npm@10.8.2
2 info using node@v20.19.4
3 silly config load:file:/usr/local/lib/node_modules/npm/npmrc
4 silly config load:file:/data/.npmrc
5 silly config load:file:/usr/src/node-red/.npmrc
6 silly config load:file:/usr/local/etc/npmrc
7 verbose title npm install node-red-contrib-uuid@0.0.4
8 verbose argv "install" "--no-audit" "--no-update-notifier" "--no-fund" "--save" "--save-prefix" "~" "--omit" "dev" "--engine-strict" "node-red-contrib-uuid@0.0.4"
9 verbose logfile logs-max:10 dir:/data/.npm/_logs/2025-10-06T19_00_46_109Z-
10 verbose logfile /data/.npm/_logs/2025-10-06T19_00_46_109Z-debug-0.log
11 silly packumentCache heap:4345298944 maxSize:1086324736 maxEntrySize:543162368
12 silly logfile done cleaning log files
13 silly idealTree buildDeps
14 silly fetch manifest node-red-contrib-uuid@0.0.4
15 silly packumentCache full:https://registry.npmjs.org/node-red-contrib-uuid cache-miss
16 http fetch GET 200 https://registry.npmjs.org/node-red-contrib-uuid 737ms (cache revalidated)
17 silly packumentCache full:https://registry.npmjs.org/node-red-contrib-uuid set size:12434 disposed:false
18 silly placeDep ROOT node-red-contrib-uuid@0.0.4 REPLACE for: node-red-project@0.0.1 want: 0.0.4
19 silly reify moves {}
20 verbose cwd /data
21 verbose os Linux 6.16.3-76061603-generic
22 verbose node v20.19.4
23 verbose npm  v10.8.2
24 verbose exit 0
25 info ok
